mode: set
nonacoin/src/apps/blockchain/blockchain.go:17.37,25.2 6 1
nonacoin/src/apps/blockchain/blockchain.go:27.36,29.2 1 1
nonacoin/src/apps/blockchain/blockchain.go:31.50,33.2 1 1
nonacoin/src/apps/blockchain/blockchain.go:36.58,39.2 2 1
nonacoin/src/apps/blockchain/blockchain.go:42.49,48.2 4 0
nonacoin/src/apps/blockchain/blockchain.go:51.83,52.37 1 0
nonacoin/src/apps/blockchain/blockchain.go:61.2,62.13 2 0
nonacoin/src/apps/blockchain/blockchain.go:52.37,53.105 1 0
nonacoin/src/apps/blockchain/blockchain.go:57.3,57.23 1 0
nonacoin/src/apps/blockchain/blockchain.go:53.105,55.4 1 0
nonacoin/src/apps/blockchain/blockchain.go:57.23,59.4 1 0
nonacoin/src/apps/blockchain/blockchain.go:65.52,67.2 1 0
nonacoin/src/apps/blockchain/blockchain.go:69.39,72.29 2 0
nonacoin/src/apps/blockchain/blockchain.go:76.2,78.24 2 0
nonacoin/src/apps/blockchain/blockchain.go:72.29,74.3 1 0
nonacoin/src/apps/blockchain/blockchain.go:81.43,82.36 1 0
nonacoin/src/apps/blockchain/blockchain.go:99.2,99.13 1 0
nonacoin/src/apps/blockchain/blockchain.go:82.36,86.40 3 0
nonacoin/src/apps/blockchain/blockchain.go:90.3,90.55 1 0
nonacoin/src/apps/blockchain/blockchain.go:94.3,94.109 1 0
nonacoin/src/apps/blockchain/blockchain.go:86.40,88.4 1 0
nonacoin/src/apps/blockchain/blockchain.go:90.55,92.4 1 0
nonacoin/src/apps/blockchain/blockchain.go:94.109,96.4 1 0
nonacoin/src/apps/blockchain/blockchain.go:102.39,102.40 0 0
nonacoin/src/apps/blockchain/blockchain.go:104.82,107.33 2 0
nonacoin/src/apps/blockchain/blockchain.go:117.2,117.16 1 0
nonacoin/src/apps/blockchain/blockchain.go:107.33,108.49 1 0
nonacoin/src/apps/blockchain/blockchain.go:108.49,109.65 1 0
nonacoin/src/apps/blockchain/blockchain.go:109.65,111.5 1 0
nonacoin/src/apps/blockchain/blockchain.go:111.10,111.70 1 0
nonacoin/src/apps/blockchain/blockchain.go:111.70,113.5 1 0
nonacoin/src/apps/blockchain/blockchain.go:120.104,123.33 2 0
nonacoin/src/apps/blockchain/blockchain.go:131.2,131.21 1 0
nonacoin/src/apps/blockchain/blockchain.go:123.33,124.49 1 0
nonacoin/src/apps/blockchain/blockchain.go:124.49,125.124 1 0
nonacoin/src/apps/blockchain/blockchain.go:125.124,127.5 1 0
nonacoin/src/apps/blockchain/blockchain.go:134.54,136.2 1 0
